<?xml version="1.0" encoding="UTF-8"?>
<testsuite xmlns:xsi="http://www.w3.org/2001/XMLSchema-instance" xsi:noNamespaceSchemaLocation="https://maven.apache.org/surefire/maven-surefire-plugin/xsd/surefire-test-report.xsd" version="3.0.2" name="org.example.BlogBackendApplicationTests" time="3.404" tests="1" errors="0" skipped="0" failures="0">
  <properties>
[...]
</properties>
  <testcase name="test" classname="org.example.BlogBackendApplicationTests" time="0.941">
    <system-out><![CDATA[17:43:42.943 [main] INFO org.springframework.test.context.support.AnnotationConfigContextLoaderUtils -- Could not detect default configuration classes for test class [org.example.BlogBackendApplicationTests]: BlogBackendApplicationTests does not declare any static, non-private, non-final, nested classes annotated with @Configuration.
17:43:43.016 [main] INFO org.springframework.boot.test.context.SpringBootTestContextBootstrapper -- Found @SpringBootConfiguration org.example.BlogBackendApplication for test class org.example.BlogBackendApplicationTests
17:43:43.152 [main] INFO org.springframework.boot.devtools.restart.RestartApplicationListener -- Restart disabled due to context in which it is running

  .   ____          _            __ _ _
 /\\ / ___'_ __ _ _(_)_ __  __ _ \ \ \ \
( ( )\___ | '_ | '_| | '_ \/ _` | \ \ \ \
 \\/  ___)| |_)| | | | | || (_| |  ) ) ) )
  '  |____| .__|_| |_|_| |_\__, | / / / /
 =========|_|==============|___/=/_/_/_/

 :: Spring Boot ::                (v3.4.5)

2025-06-30 17:43:43 [main] INFO  o.e.BlogBackendApplicationTests - Starting BlogBackendApplicationTests using Java 17.0.5 with PID 2752 (started by Linshiyi in E:\Java_study\blog-backend)
2025-06-30 17:43:43 [main] INFO  o.e.BlogBackendApplicationTests - No active profile set, falling back to 1 default profile: "default"
2025-06-30 17:43:43 [main] INFO  o.s.d.r.c.RepositoryConfigurationDelegate - Multiple Spring Data modules found, entering strict repository configuration mode
2025-06-30 17:43:43 [main] INFO  o.s.d.r.c.RepositoryConfigurationDelegate - Bootstrapping Spring Data Redis repositories in DEFAULT mode.
2025-06-30 17:43:43 [main] INFO  o.s.d.r.c.RepositoryConfigurationDelegate - Finished Spring Data repository scanning in 8 ms. Found 0 Redis repository interfaces.
2025-06-30 17:43:44 [main] INFO  o.s.s.c.a.a.c.InitializeUserDetailsBeanManagerConfigurer$InitializeUserDetailsManagerConfigurer - Global AuthenticationManager configured with UserDetailsService bean with name inMemoryUserDetailsManager
2025-06-30 17:43:45 [main] INFO  o.e.BlogBackendApplicationTests - Started BlogBackendApplicationTests in 2.152 seconds (process running for 2.825)
false
true
]]></system-out>
  </testcase>
</testsuite>